# JRE version: OpenJDK Runtime Environment Temurin-21.0.7+6 (21.0.7+6) (build 21.0.7+6-LTS)
# Java VM: OpenJDK 64-Bit Server VM Temurin-21.0.7+6 (21.0.7+6-LTS, mixed mode, sharing, tiered, compressed oops, compressed class ptrs, g1 gc, windows-amd64)
GC Precious Log:
 CardTable entry size: 512
 Card Set container configuration: InlinePtr #cards 5 size 8 Array Of Cards #cards 12 size 40 Howl #buckets 4 coarsen threshold 1843 Howl Bitmap #cards 512 size 80 coarsen threshold 460 Card regions per heap region 1 cards per card region 2048
 CPUs: 4 total, 4 available
 Memory: 12083M
 Large Page Support: Disabled
 NUMA Support: Disabled
 Compressed Oops: Enabled (32-bit)
 Heap Region Size: 1M
 Heap Min Capacity: 8M
 Heap Initial Capacity: 190M
 Heap Max Capacity: 2G
 Pre-touch: Disabled
 Parallel Workers: 4
 Concurrent Workers: 1
 Concurrent Refinement Workers: 4
 Periodic GC: Disabled
Heap:
 garbage-first heap   total 156672K, used 125506K [0x0000000080000000, 0x0000000100000000)
  region size 1024K, 45 young (46080K), 7 survivors (7168K)
 Metaspace       used 88396K, committed 90688K, reserved 1179648K
  class space    used 12404K, committed 13568K, reserved 1048576K
GC Heap History (20 events):
Event: 20.599 GC heap before
{Heap before GC invocations=23 (full 0):
 garbage-first heap   total 119808K, used 95274K [0x0000000080000000, 0x0000000100000000)
  region size 1024K, 32 young (32768K), 2 survivors (2048K)
 Metaspace       used 59925K, committed 61824K, reserved 1114112K
  class space    used 8320K, committed 9280K, reserved 1048576K
}
Event: 20.601 GC heap after
{Heap after GC invocations=24 (full 0):
 garbage-first heap   total 119808K, used 66215K [0x0000000080000000, 0x0000000100000000)
  region size 1024K, 2 young (2048K), 2 survivors (2048K)
 Metaspace       used 59925K, committed 61824K, reserved 1114112K
  class space    used 8320K, committed 9280K, reserved 1048576K
}
Event: 20.907 GC heap before
{Heap before GC invocations=24 (full 0):
 garbage-first heap   total 119808K, used 82599K [0x0000000080000000, 0x0000000100000000)
  region size 1024K, 19 young (19456K), 2 survivors (2048K)
 Metaspace       used 61774K, committed 63744K, reserved 1114112K
  class space    used 8637K, committed 9600K, reserved 1048576K
}
Event: 20.910 GC heap after
{Heap after GC invocations=25 (full 0):
 garbage-first heap   total 119808K, used 66996K [0x0000000080000000, 0x0000000100000000)
  region size 1024K, 3 young (3072K), 3 survivors (3072K)
 Metaspace       used 61774K, committed 63744K, reserved 1114112K
  class space    used 8637K, committed 9600K, reserved 1048576K
}
Event: 21.681 GC heap before
{Heap before GC invocations=25 (full 0):
 garbage-first heap   total 119808K, used 103860K [0x0000000080000000, 0x0000000100000000)
  region size 1024K, 37 young (37888K), 3 survivors (3072K)
 Metaspace       used 65437K, committed 67456K, reserved 1114112K
  class space    used 9083K, committed 10112K, reserved 1048576K
}
Event: 21.685 GC heap after
{Heap after GC invocations=26 (full 0):
 garbage-first heap   total 119808K, used 70565K [0x0000000080000000, 0x0000000100000000)
  region size 1024K, 4 young (4096K), 4 survivors (4096K)
 Metaspace       used 65437K, committed 67456K, reserved 1114112K
  class space    used 9083K, committed 10112K, reserved 1048576K
}
Event: 22.337 GC heap before
{Heap before GC invocations=26 (full 0):
 garbage-first heap   total 119808K, used 99237K [0x0000000080000000, 0x0000000100000000)
  region size 1024K, 33 young (33792K), 4 survivors (4096K)
 Metaspace       used 68293K, committed 70272K, reserved 1114112K
  class space    used 9451K, committed 10432K, reserved 1048576K
}
Event: 22.341 GC heap after
{Heap after GC invocations=27 (full 0):
 garbage-first heap   total 119808K, used 72850K [0x0000000080000000, 0x0000000100000000)
  region size 1024K, 5 young (5120K), 5 survivors (5120K)
 Metaspace       used 68293K, committed 70272K, reserved 1114112K
  class space    used 9451K, committed 10432K, reserved 1048576K
}
Event: 22.862 GC heap before
{Heap before GC invocations=28 (full 0):
 garbage-first heap   total 130048K, used 110738K [0x0000000080000000, 0x0000000100000000)
  region size 1024K, 37 young (37888K), 5 survivors (5120K)
 Metaspace       used 69675K, committed 71680K, reserved 1114112K
  class space    used 9650K, committed 10624K, reserved 1048576K
}
Event: 22.867 GC heap after
{Heap after GC invocations=29 (full 0):
 garbage-first heap   total 130048K, used 76800K [0x0000000080000000, 0x0000000100000000)
  region size 1024K, 5 young (5120K), 5 survivors (5120K)
 Metaspace       used 69675K, committed 71680K, reserved 1114112K
  class space    used 9650K, committed 10624K, reserved 1048576K
}
Event: 23.348 GC heap before
{Heap before GC invocations=29 (full 0):
 garbage-first heap   total 130048K, used 112640K [0x0000000080000000, 0x0000000100000000)
  region size 1024K, 40 young (40960K), 5 survivors (5120K)
 Metaspace       used 72088K, committed 74112K, reserved 1114112K
  class space    used 9942K, committed 10944K, reserved 1048576K
}
Event: 23.353 GC heap after
{Heap after GC invocations=30 (full 0):
 garbage-first heap   total 130048K, used 78806K [0x0000000080000000, 0x0000000100000000)
  region size 1024K, 3 young (3072K), 3 survivors (3072K)
 Metaspace       used 72088K, committed 74112K, reserved 1114112K
  class space    used 9942K, committed 10944K, reserved 1048576K
}
Event: 23.951 GC heap before
{Heap before GC invocations=30 (full 0):
 garbage-first heap   total 130048K, used 114646K [0x0000000080000000, 0x0000000100000000)
  region size 1024K, 38 young (38912K), 3 survivors (3072K)
 Metaspace       used 74274K, committed 76352K, reserved 1179648K
  class space    used 10230K, committed 11264K, reserved 1048576K
}
Event: 23.958 GC heap after
{Heap after GC invocations=31 (full 0):
 garbage-first heap   total 156672K, used 81609K [0x0000000080000000, 0x0000000100000000)
  region size 1024K, 5 young (5120K), 5 survivors (5120K)
 Metaspace       used 74274K, committed 76352K, reserved 1179648K
  class space    used 10230K, committed 11264K, reserved 1048576K
}
Event: 25.022 GC heap before
{Heap before GC invocations=32 (full 0):
 garbage-first heap   total 156672K, used 132809K [0x0000000080000000, 0x0000000100000000)
  region size 1024K, 55 young (56320K), 5 survivors (5120K)
 Metaspace       used 77917K, committed 80000K, reserved 1179648K
  class space    used 10808K, committed 11840K, reserved 1048576K
}
Event: 25.027 GC heap after
{Heap after GC invocations=33 (full 0):
 garbage-first heap   total 156672K, used 83609K [0x0000000080000000, 0x0000000100000000)
  region size 1024K, 5 young (5120K), 5 survivors (5120K)
 Metaspace       used 77917K, committed 80000K, reserved 1179648K
  class space    used 10808K, committed 11840K, reserved 1048576K
}
Event: 26.029 GC heap before
{Heap before GC invocations=33 (full 0):
 garbage-first heap   total 156672K, used 135833K [0x0000000080000000, 0x0000000100000000)
  region size 1024K, 56 young (57344K), 5 survivors (5120K)
 Metaspace       used 81613K, committed 83712K, reserved 1179648K
  class space    used 11423K, committed 12480K, reserved 1048576K
}
Event: 26.035 GC heap after
{Heap after GC invocations=34 (full 0):
 garbage-first heap   total 156672K, used 84607K [0x0000000080000000, 0x0000000100000000)
  region size 1024K, 4 young (4096K), 4 survivors (4096K)
 Metaspace       used 81613K, committed 83712K, reserved 1179648K
  class space    used 11423K, committed 12480K, reserved 1048576K
}
Event: 26.654 GC heap before
{Heap before GC invocations=34 (full 0):
 garbage-first heap   total 156672K, used 138879K [0x0000000080000000, 0x0000000100000000)
  region size 1024K, 57 young (58368K), 4 survivors (4096K)
 Metaspace       used 85661K, committed 88000K, reserved 1179648K
  class space    used 11994K, committed 13184K, reserved 1048576K
}
Event: 26.661 GC heap after
{Heap after GC invocations=35 (full 0):
 garbage-first heap   total 156672K, used 87618K [0x0000000080000000, 0x0000000100000000)
  region size 1024K, 7 young (7168K), 7 survivors (7168K)
 Metaspace       used 85661K, committed 88000K, reserved 1179648K
  class space    used 11994K, committed 13184K, reserved 1048576K
}

