# JRE version: OpenJDK Runtime Environment Temurin-21.0.7+6 (21.0.7+6) (build 21.0.7+6-LTS)
# Java VM: OpenJDK 64-Bit Server VM Temurin-21.0.7+6 (21.0.7+6-LTS, mixed mode, sharing, tiered, compressed oops, compressed class ptrs, g1 gc, windows-amd64)
GC Precious Log:
 CardTable entry size: 512
 Card Set container configuration: InlinePtr #cards 5 size 8 Array Of Cards #cards 12 size 40 Howl #buckets 4 coarsen threshold 1843 Howl Bitmap #cards 512 size 80 coarsen threshold 460 Card regions per heap region 1 cards per card region 2048
 CPUs: 4 total, 4 available
 Memory: 12083M
 Large Page Support: Disabled
 NUMA Support: Disabled
 Compressed Oops: Enabled (32-bit)
 Heap Region Size: 1M
 Heap Min Capacity: 8M
 Heap Initial Capacity: 190M
 Heap Max Capacity: 2G
 Pre-touch: Disabled
 Parallel Workers: 4
 Concurrent Workers: 1
 Concurrent Refinement Workers: 4
 Periodic GC: Disabled
Heap:
 garbage-first heap   total 186368K, used 136121K [0x0000000080000000, 0x0000000100000000)
  region size 1024K, 33 young (33792K), 6 survivors (6144K)
 Metaspace       used 103779K, committed 106240K, reserved 1179648K
  class space    used 14244K, committed 15488K, reserved 1048576K
GC Heap History (20 events):
Event: 12.100 GC heap before
{Heap before GC invocations=28 (full 0):
 garbage-first heap   total 140288K, used 116702K [0x0000000080000000, 0x0000000100000000)
  region size 1024K, 41 young (41984K), 4 survivors (4096K)
 Metaspace       used 74862K, committed 76928K, reserved 1179648K
  class space    used 10302K, committed 11328K, reserved 1048576K
}
Event: 12.108 GC heap after
{Heap after GC invocations=29 (full 0):
 garbage-first heap   total 140288K, used 82775K [0x0000000080000000, 0x0000000100000000)
  region size 1024K, 5 young (5120K), 5 survivors (5120K)
 Metaspace       used 74862K, committed 76928K, reserved 1179648K
  class space    used 10302K, committed 11328K, reserved 1048576K
}
Event: 12.517 GC heap before
{Heap before GC invocations=30 (full 0):
 garbage-first heap   total 140288K, used 119639K [0x0000000080000000, 0x0000000100000000)
  region size 1024K, 42 young (43008K), 5 survivors (5120K)
 Metaspace       used 77578K, committed 79680K, reserved 1179648K
  class space    used 10739K, committed 11776K, reserved 1048576K
}
Event: 12.522 GC heap after
{Heap after GC invocations=31 (full 0):
 garbage-first heap   total 140288K, used 83152K [0x0000000080000000, 0x0000000100000000)
  region size 1024K, 5 young (5120K), 5 survivors (5120K)
 Metaspace       used 77578K, committed 79680K, reserved 1179648K
  class space    used 10739K, committed 11776K, reserved 1048576K
}
Event: 12.919 GC heap before
{Heap before GC invocations=31 (full 0):
 garbage-first heap   total 140288K, used 122064K [0x0000000080000000, 0x0000000100000000)
  region size 1024K, 43 young (44032K), 5 survivors (5120K)
 Metaspace       used 80304K, committed 82496K, reserved 1179648K
  class space    used 11197K, committed 12288K, reserved 1048576K
}
Event: 12.924 GC heap after
{Heap after GC invocations=32 (full 0):
 garbage-first heap   total 140288K, used 83697K [0x0000000080000000, 0x0000000100000000)
  region size 1024K, 3 young (3072K), 3 survivors (3072K)
 Metaspace       used 80304K, committed 82496K, reserved 1179648K
  class space    used 11197K, committed 12288K, reserved 1048576K
}
Event: 13.296 GC heap before
{Heap before GC invocations=32 (full 0):
 garbage-first heap   total 140288K, used 124657K [0x0000000080000000, 0x0000000100000000)
  region size 1024K, 43 young (44032K), 3 survivors (3072K)
 Metaspace       used 83192K, committed 85376K, reserved 1179648K
  class space    used 11643K, committed 12736K, reserved 1048576K
}
Event: 13.300 GC heap after
{Heap after GC invocations=33 (full 0):
 garbage-first heap   total 168960K, used 85661K [0x0000000080000000, 0x0000000100000000)
  region size 1024K, 5 young (5120K), 5 survivors (5120K)
 Metaspace       used 83192K, committed 85376K, reserved 1179648K
  class space    used 11643K, committed 12736K, reserved 1048576K
}
Event: 13.889 GC heap before
{Heap before GC invocations=34 (full 0):
 garbage-first heap   total 168960K, used 145053K [0x0000000080000000, 0x0000000100000000)
  region size 1024K, 64 young (65536K), 5 survivors (5120K)
 Metaspace       used 87287K, committed 89600K, reserved 1179648K
  class space    used 12262K, committed 13440K, reserved 1048576K
}
Event: 13.897 GC heap after
{Heap after GC invocations=35 (full 0):
 garbage-first heap   total 168960K, used 87677K [0x0000000080000000, 0x0000000100000000)
  region size 1024K, 7 young (7168K), 7 survivors (7168K)
 Metaspace       used 87287K, committed 89600K, reserved 1179648K
  class space    used 12262K, committed 13440K, reserved 1048576K
}
Event: 14.589 GC heap before
{Heap before GC invocations=35 (full 0):
 garbage-first heap   total 168960K, used 148093K [0x0000000080000000, 0x0000000100000000)
  region size 1024K, 66 young (67584K), 7 survivors (7168K)
 Metaspace       used 92090K, committed 94400K, reserved 1179648K
  class space    used 12904K, committed 14080K, reserved 1048576K
}
Event: 14.597 GC heap after
{Heap after GC invocations=36 (full 0):
 garbage-first heap   total 168960K, used 90627K [0x0000000080000000, 0x0000000100000000)
  region size 1024K, 7 young (7168K), 7 survivors (7168K)
 Metaspace       used 92090K, committed 94400K, reserved 1179648K
  class space    used 12904K, committed 14080K, reserved 1048576K
}
Event: 14.980 GC heap before
{Heap before GC invocations=36 (full 0):
 garbage-first heap   total 168960K, used 129539K [0x0000000080000000, 0x0000000100000000)
  region size 1024K, 47 young (48128K), 7 survivors (7168K)
 Metaspace       used 95103K, committed 97472K, reserved 1179648K
  class space    used 13152K, committed 14336K, reserved 1048576K
}
Event: 14.989 GC heap after
{Heap after GC invocations=37 (full 0):
 garbage-first heap   total 168960K, used 95940K [0x0000000080000000, 0x0000000100000000)
  region size 1024K, 9 young (9216K), 9 survivors (9216K)
 Metaspace       used 95103K, committed 97472K, reserved 1179648K
  class space    used 13152K, committed 14336K, reserved 1048576K
}
Event: 15.814 GC heap before
{Heap before GC invocations=38 (full 0):
 garbage-first heap   total 168960K, used 155332K [0x0000000080000000, 0x0000000100000000)
  region size 1024K, 62 young (63488K), 9 survivors (9216K)
 Metaspace       used 98455K, committed 100864K, reserved 1179648K
  class space    used 13551K, committed 14784K, reserved 1048576K
}
Event: 15.825 GC heap after
{Heap after GC invocations=39 (full 0):
 garbage-first heap   total 172032K, used 103281K [0x0000000080000000, 0x0000000100000000)
  region size 1024K, 8 young (8192K), 8 survivors (8192K)
 Metaspace       used 98455K, committed 100864K, reserved 1179648K
  class space    used 13551K, committed 14784K, reserved 1048576K
}
Event: 16.546 GC heap before
{Heap before GC invocations=39 (full 0):
 garbage-first heap   total 172032K, used 154481K [0x0000000080000000, 0x0000000100000000)
  region size 1024K, 58 young (59392K), 8 survivors (8192K)
 Metaspace       used 98871K, committed 101248K, reserved 1179648K
  class space    used 13600K, committed 14784K, reserved 1048576K
}
Event: 16.554 GC heap after
{Heap after GC invocations=40 (full 0):
 garbage-first heap   total 172032K, used 106668K [0x0000000080000000, 0x0000000100000000)
  region size 1024K, 6 young (6144K), 6 survivors (6144K)
 Metaspace       used 98871K, committed 101248K, reserved 1179648K
  class space    used 13600K, committed 14784K, reserved 1048576K
}
Event: 17.168 GC heap before
{Heap before GC invocations=40 (full 0):
 garbage-first heap   total 172032K, used 154796K [0x0000000080000000, 0x0000000100000000)
  region size 1024K, 53 young (54272K), 6 survivors (6144K)
 Metaspace       used 100974K, committed 103360K, reserved 1179648K
  class space    used 13866K, committed 15040K, reserved 1048576K
}
Event: 17.174 GC heap after
{Heap after GC invocations=41 (full 0):
 garbage-first heap   total 172032K, used 110521K [0x0000000080000000, 0x0000000100000000)
  region size 1024K, 6 young (6144K), 6 survivors (6144K)
 Metaspace       used 100974K, committed 103360K, reserved 1179648K
  class space    used 13866K, committed 15040K, reserved 1048576K
}

